<?xml version="1.0" encoding="UTF-8"?>
<beans xmlns="http://www.springframework.org/schema/beans"
	xmlns:xsi="http://www.w3.org/2001/XMLSchema-instance"
	xmlns:aop="http://www.springframework.org/schema/aop"
	xsi:schemaLocation="http://www.springframework.org/schema/beans http://www.springframework.org/schema/beans/spring-beans-3.0.xsd
		http://www.springframework.org/schema/aop http://www.springframework.org/schema/aop/spring-aop-3.2.xsd">
						
						
	<bean id="dataSource" class="org.springframework.jdbc.datasource.SimpleDriverDataSource">
		<property name="driverClass" value="com.mysql.jdbc.Driver" />
		<property name="url" value="jdbc:mysql://Localhost/users?characterEncoding=UTF-8" />
		<property name="username" value="root" />
		<property name="password" value="1234" />
	</bean>
	
	<bean id="userDao" class="user.dao.UserDaoJdbc">
		<property name="dataSource" ref="dataSource" />
	</bean>
	
	<!-- 
	<bean id="userService" class="user.service.UserServiceTx">
		<property name="transactionManager" ref="transactionManager" />
		<property name="userService" ref="userServiceImpl"></property>
	</bean>  
	
	<bean id="userServiceImpl" class="user.service.UserServiceImpl">
		<property name="userDao" ref="userDao"/>
		<property name="mailSender" ref="mailSender"></property>
	</bean>
	-->
	
	<bean id="transactionManager" class="org.springframework.jdbc.datasource.DataSourceTransactionManager">
		<property name="dataSource" ref="dataSource" />
	</bean>

	<bean id="mailSender" class="user.service.DummyMailSender">
	</bean>
	
	<!-- 
	<bean id="userService" class="user.service.TxProxyFactoryBean">
		<property name="target" ref="userServiceImpl"></property>
		<property name="pattern" value="upgradeLevels"></property>
		<property name="transactionManager" ref="transactionManager"></property>
		<property name="serviceInterface" value="user.service.UserService"></property>
	</bean>
	 -->
	 
	 <!-- 
	<bean id="userService" class="org.springframework.aop.framework.ProxyFactoryBean">
		<property name="target" ref="userServiceImpl"></property>
		<property name="interceptorNames">
			<list>
				<value>transactionAdvisor</value>
			</list>
		</property>R
	</bean>
	 -->
	
	
	
	<bean id="userSerivce" class="user.service.UserServiceImpl">
		<property name="userDao" ref="userDao"></property>
		<property name="mailSender" ref="mailSender"></property>
	</bean>
	
	<!-- static 클래스는 '$'기호 사용, 상속받은 부모 빈 등록 : 설정 프로퍼티도 상속됨 -->
	<bean id="testUserSerivce" class="user.service.UserServiceTest$TestUserServiceImpl"
			parent="userSerivce"></bean>
			
			
	
		<!-- AOP 시작 -->
		
		<aop:config>
			<aop:advisor advice-ref="transactionAdvice" pointcut-ref="transactionPointcut"/>
		</aop:config>
	
	<bean id="transactionAdvice" class="user.service.TransactionAdvice">
		<property name="transactionManager" ref="transactionManager"></property>
	</bean>
	
	<!-- 
	<bean id="transactionPointcut" class="user.service.NameMatchClassMethodPointcut">
		<property name="mappedClassName" value="*ServiceImpl"></property>
		<property name="mappedName" value="upgrade*"></property>
	</bean> -->
	
	<bean class="org.springframework.aop.framework.autoproxy.DefaultAdvisorAutoProxyCreator"></bean>
	<bean id="transactionPointcut" class="org.springframework.aop.aspectj.AspectJExpressionPointcut">
		<property name="expression" value="execution(* *..*ServiceImpl.upgrade*(..))"></property>
	</bean>
	
	<bean id="transactionAdvisor" class="org.springframework.aop.support.DefaultPointcutAdvisor">
		<property name="advice" ref="transactionAdvice"></property>
		<property name="pointcut" ref="transactionPointcut"></property>
	</bean>
	
	<!-- AOP 끝 -->
	
</beans>
