<?xml version="1.0" encoding="UTF-8"?>
<beans xmlns="http://www.springframework.org/schema/beans"
	xmlns:xsi="http://www.w3.org/2001/XMLSchema-instance"
	xmlns:aop="http://www.springframework.org/schema/aop"
	xmlns:tx="http://www.springframework.org/schema/tx"
	xmlns:context="http://www.springframework.org/schema/context"
	xsi:schemaLocation="http://www.springframework.org/schema/beans http://www.springframework.org/schema/beans/spring-beans-3.0.xsd
		http://www.springframework.org/schema/context http://www.springframework.org/schema/context/spring-context-3.0.xsd
		http://www.springframework.org/schema/aop http://www.springframework.org/schema/aop/spring-aop-3.0.xsd
		http://www.springframework.org/schema/tx http://www.springframework.org/schema/tx/spring-tx-3.0.xsd">
						
	<!-- @Transactional 어노테이션으로 부가기능 프록시 추가 -->
	<tx:annotation-driven/>
	<!-- @PostConstruct와 같은 어노테이션으로 빈 후처리 및 초기화 기능 사용 -->
	<context:annotation-config></context:annotation-config>
	
	<bean id="dataSource" class="org.springframework.jdbc.datasource.SimpleDriverDataSource">
		<property name="driverClass" value="com.mysql.jdbc.Driver" />
		<property name="url" value="jdbc:mysql://Localhost/users?characterEncoding=UTF-8" />
		<property name="username" value="root" />
		<property name="password" value="1234" />
	</bean>
	<bean id="transactionManager" class="org.springframework.jdbc.datasource.DataSourceTransactionManager">
		<property name="dataSource" ref="dataSource" />
	</bean>
	
			<!-- AOP 시작 -->
		
		<aop:config>
			<aop:advisor advice-ref="transactionAdvice" pointcut="bean(*Service)"/>
		</aop:config>
	
	<!-- 
	<bean class="org.springframework.aop.framework.autoproxy.DefaultAdvisorAutoProxyCreator"></bean>
	<bean id="transactionPointcut" class="user.service.NameMatchClassMethodPointcut">
		<property name="mappedClassName" value="*ServiceImpl"></property>
		<property name="mappedName" value="upgrade*"></property>
	</bean> -->
	<!--
	<bean id="transactionPointcut" class="org.springframework.aop.aspectj.AspectJExpressionPointcut">
		 <property name="expression" value="execution(* *..*ServiceImpl.upgrade*(..))"></property> 
		<property name="expression" value="bean(*Service)"></property>
	</bean>
	
	<bean id="transactionAdvisor" class="org.springframework.aop.support.DefaultPointcutAdvisor">
		<property name="advice" ref="trsansactionAdvice"></property>
		<property name="pointcut" ref="transactionPointcut"></property>
	</bean>
	-->
	
	
	<!-- AOP 끝 -->
	
		<!-- 트랜잭션 설정 시작 : 메소드 별로 트랜잭션을 어떻게 실행할지에 대한 설정값을 properties로 설정-->
	<!-- 
	<bean id="transactionAdvice" class="user.service.TransactionAdvice">
		<property name="transactionManager" ref="transactionManager"></property>
		<property name="transactionAttributes">
			<props>
				<prop key="get*">PROPAGATION_REQUIRED,readOnly,timeout_30</prop>
				<prop key="upgrade*">PROPAGATION_REQUIRED_NEW,ISOLATION_SERIALIZABLE</prop>
				<prop key="*">PROPAGATION_REQUIRED</prop>
			</props>
		</property>
	</bean>
	 -->
	 <!-- 
	 <tx:advice id="transactionAdvice" transaction-manager="transactionManager">
	 	<tx:attributes>
	 		<tx:method name="get*" propagation="REQUIRED" timeout="30"/>
	 		<tx:method name="upgrade*" propagation="REQUIRES_NEW" isolation="SERIALIZABLE"/>
	 		<tx:method name="*" propagation="REQUIRED"/>
	 	</tx:attributes>
	 </tx:advice>
 -->	
	 <!-- transactionMananger는 id값이 transactionManager라면 생략가능 -->
	 <tx:advice id="transactionAdvice" >
	 	<tx:attributes>
	 		<!-- propagation 값은 REQUIRED라면 생략가능 -->
	 		<tx:method name="get*" read-only="true"/>
	 		<tx:method name="*" />
	 	</tx:attributes>
	 </tx:advice>
	
	<!-- 트랜잭션 설정 끝-->
	
	<bean id="userDao" class="user.dao.UserDaoJdbc">
		<property name="dataSource" ref="dataSource" />
		<property name="sqlService" ref="sqlService"></property>
	</bean>
	
	<!-- Xml형식으로 저장된 SQL을 가져와 언마샬링 해주는 클래스를 DI, SqlReader,SqlRegistry,SqlService 세가지의
	     인터페이스를 구현한 클래스, 자기자신을 프로퍼티로 참조 -->
	<bean id="sqlService" class="user.dao.XmlSqlService">
		<property name="sqlReader" ref="sqlService"></property>
		<property name="sqlRegistry" ref="sqlService"></property>
		<property name="sqlmapFilePath" value="sqlmap.xml"></property>
	</bean>
	<!-- SQL을 map형식의 자료구조로 직접 Di 
	<bean id="sqlService" class="user.dao.SimpleSqlService">
		<property name="sqlMap">
			<map>
				<entry key="userAdd" value="insert into users(id, name, password, level, login, recommand, email) values(?,?,?,?,?,?,?)"></entry>
				<entry key="userGet" value="select * from users where id = ?"></entry>
				<entry key="userGetAll" value="select * from users order by id"></entry>
				<entry key="userDeleteAll" value="delete from users"></entry>
				<entry key="userGetCount" value="select count(*) from users"></entry>
				<entry key="userUpdate" value="update users set name=?, password=?, level=?, login=?, recommand=?, email=? where id=?"></entry>
			</map>
		</property>
	</bean>
	-->
	<!-- 
	<bean id="userService" class="user.service.UserServiceTx">
		<property name="transactionManager" ref="transactionManager" />
		<property name="userService" ref="userServiceImpl"></property>
	</bean>  
	
	<bean id="userServiceImpl" class="user.service.UserServiceImpl">
		<property name="userDao" ref="userDao"/>
		<property name="mailSender" ref="mailSender"></property>
	</bean>
	-->
	
	

	<bean id="mailSender" class="user.service.DummyMailSender">
	</bean>
	
	<!-- 
	<bean id="userService" class="user.service.TxProxyFactoryBean">
		<property name="target" ref="userServiceImpl"></property>
		<property name="pattern" value="upgradeLevels"></property>
		<property name="transactionManager" ref="transactionManager"></property>
		<property name="serviceInterface" value="user.service.UserService"></property>
	</bean>
	 -->
	 
	 <!-- 
	<bean id="userService" class="org.springframework.aop.framework.ProxyFactoryBean">
		<property name="target" ref="userServiceImpl"></property>
		<property name="interceptorNames">
			<list>
				<value>transactionAdvisor</value>
			</list>
		</property>R
	</bean>
	 -->
	
	
	
	<bean id="userSerivce" class="user.service.UserServiceImpl">
		<property name="userDao" ref="userDao"></property>
		<property name="mailSender" ref="mailSender"></property>
	</bean>
	
	<!-- static 클래스는 '$'기호 사용, 상속받은 부모 빈 등록 : 설정 프로퍼티도 상속됨 -->
	<bean id="testUserSerivce" class="user.service.UserServiceTest$TestUserServiceImpl"
			parent="userSerivce"></bean>

	
</beans>
